----------------------------------------------------------------
Thu Dec 01 11:34:20 CET 2022:
Booting Derby version The Apache Software Foundation - Apache Derby - 10.9.1.0 - (1344872): instance a816c00e-0184-cd40-5dc4-00003b6fd290 
on database directory memory:/media/eu/Volume/projects/ECS/entando-plugin-jpredis/testPort  with class loader jdk.internal.loader.ClassLoaders$AppClassLoader@3d4eac69 
Loaded from file:/home/eu/.m2/repository/org/apache/derby/derby/10.9.1.0/derby-10.9.1.0.jar
java.vendor=Ubuntu
java.runtime.version=11.0.17+8-post-Ubuntu-1ubuntu220.04
user.dir=/media/eu/Volume/projects/ECS/entando-plugin-jpredis
derby.system.home=null
Database Class Loader started - derby.database.classpath=''
----------------------------------------------------------------
Thu Dec 01 11:34:21 CET 2022:
Booting Derby version The Apache Software Foundation - Apache Derby - 10.9.1.0 - (1344872): instance 45b300a8-0184-cd40-5dc4-00003b6fd290 
on database directory memory:/media/eu/Volume/projects/ECS/entando-plugin-jpredis/testServ  with class loader jdk.internal.loader.ClassLoaders$AppClassLoader@3d4eac69 
Loaded from file:/home/eu/.m2/repository/org/apache/derby/derby/10.9.1.0/derby-10.9.1.0.jar
java.vendor=Ubuntu
java.runtime.version=11.0.17+8-post-Ubuntu-1ubuntu220.04
user.dir=/media/eu/Volume/projects/ECS/entando-plugin-jpredis
derby.system.home=null
Database Class Loader started - derby.database.classpath=''
----------------------------------------------------------------
Thu Dec 01 11:34:23 CET 2022:
Shutting down instance a816c00e-0184-cd40-5dc4-00003b6fd290 on database directory memory:/media/eu/Volume/projects/ECS/entando-plugin-jpredis/testPort with class loader jdk.internal.loader.ClassLoaders$AppClassLoader@3d4eac69 
----------------------------------------------------------------
Thu Dec 01 11:34:23 CET 2022:
Shutting down instance 45b300a8-0184-cd40-5dc4-00003b6fd290 on database directory memory:/media/eu/Volume/projects/ECS/entando-plugin-jpredis/testServ with class loader jdk.internal.loader.ClassLoaders$AppClassLoader@3d4eac69 
----------------------------------------------------------------
Thu Dec 01 11:34:23 CET 2022:
Booting Derby version The Apache Software Foundation - Apache Derby - 10.9.1.0 - (1344872): instance ed77842d-0184-cd40-5dc4-00003b6fd290 
on database directory memory:/media/eu/Volume/projects/ECS/entando-plugin-jpredis/testPort  with class loader jdk.internal.loader.ClassLoaders$AppClassLoader@3d4eac69 
Loaded from file:/home/eu/.m2/repository/org/apache/derby/derby/10.9.1.0/derby-10.9.1.0.jar
java.vendor=Ubuntu
java.runtime.version=11.0.17+8-post-Ubuntu-1ubuntu220.04
user.dir=/media/eu/Volume/projects/ECS/entando-plugin-jpredis
derby.system.home=null
Database Class Loader started - derby.database.classpath=''
----------------------------------------------------------------
Thu Dec 01 11:34:23 CET 2022:
Booting Derby version The Apache Software Foundation - Apache Derby - 10.9.1.0 - (1344872): instance 17f34437-0184-cd40-5dc4-00003b6fd290 
on database directory memory:/media/eu/Volume/projects/ECS/entando-plugin-jpredis/testServ  with class loader jdk.internal.loader.ClassLoaders$AppClassLoader@3d4eac69 
Loaded from file:/home/eu/.m2/repository/org/apache/derby/derby/10.9.1.0/derby-10.9.1.0.jar
java.vendor=Ubuntu
java.runtime.version=11.0.17+8-post-Ubuntu-1ubuntu220.04
user.dir=/media/eu/Volume/projects/ECS/entando-plugin-jpredis
derby.system.home=null
Database Class Loader started - derby.database.classpath=''
----------------------------------------------------------------
Thu Dec 01 11:34:26 CET 2022:
Shutting down instance ed77842d-0184-cd40-5dc4-00003b6fd290 on database directory memory:/media/eu/Volume/projects/ECS/entando-plugin-jpredis/testPort with class loader jdk.internal.loader.ClassLoaders$AppClassLoader@3d4eac69 
----------------------------------------------------------------
Thu Dec 01 11:34:26 CET 2022:
Shutting down instance 17f34437-0184-cd40-5dc4-00003b6fd290 on database directory memory:/media/eu/Volume/projects/ECS/entando-plugin-jpredis/testServ with class loader jdk.internal.loader.ClassLoaders$AppClassLoader@3d4eac69 
----------------------------------------------------------------
Thu Dec 01 11:34:26 CET 2022:
Booting Derby version The Apache Software Foundation - Apache Derby - 10.9.1.0 - (1344872): instance 2a8c84d5-0184-cd40-5dc4-00003b6fd290 
on database directory memory:/media/eu/Volume/projects/ECS/entando-plugin-jpredis/testPort  with class loader jdk.internal.loader.ClassLoaders$AppClassLoader@3d4eac69 
Loaded from file:/home/eu/.m2/repository/org/apache/derby/derby/10.9.1.0/derby-10.9.1.0.jar
java.vendor=Ubuntu
java.runtime.version=11.0.17+8-post-Ubuntu-1ubuntu220.04
user.dir=/media/eu/Volume/projects/ECS/entando-plugin-jpredis
derby.system.home=null
Database Class Loader started - derby.database.classpath=''
----------------------------------------------------------------
Thu Dec 01 11:34:26 CET 2022:
Booting Derby version The Apache Software Foundation - Apache Derby - 10.9.1.0 - (1344872): instance ef6304d9-0184-cd40-5dc4-00003b6fd290 
on database directory memory:/media/eu/Volume/projects/ECS/entando-plugin-jpredis/testServ  with class loader jdk.internal.loader.ClassLoaders$AppClassLoader@3d4eac69 
Loaded from file:/home/eu/.m2/repository/org/apache/derby/derby/10.9.1.0/derby-10.9.1.0.jar
java.vendor=Ubuntu
java.runtime.version=11.0.17+8-post-Ubuntu-1ubuntu220.04
user.dir=/media/eu/Volume/projects/ECS/entando-plugin-jpredis
derby.system.home=null
Database Class Loader started - derby.database.classpath=''
----------------------------------------------------------------
Thu Dec 01 11:34:33 CET 2022:
Shutting down instance 2a8c84d5-0184-cd40-5dc4-00003b6fd290 on database directory memory:/media/eu/Volume/projects/ECS/entando-plugin-jpredis/testPort with class loader jdk.internal.loader.ClassLoaders$AppClassLoader@3d4eac69 
----------------------------------------------------------------
Thu Dec 01 11:34:33 CET 2022:
Shutting down instance ef6304d9-0184-cd40-5dc4-00003b6fd290 on database directory memory:/media/eu/Volume/projects/ECS/entando-plugin-jpredis/testServ with class loader jdk.internal.loader.ClassLoaders$AppClassLoader@3d4eac69 
----------------------------------------------------------------
Thu Dec 01 11:34:33 CET 2022:
Booting Derby version The Apache Software Foundation - Apache Derby - 10.9.1.0 - (1344872): instance 4e998544-0184-cd40-5dc4-00003b6fd290 
on database directory memory:/media/eu/Volume/projects/ECS/entando-plugin-jpredis/testPort  with class loader jdk.internal.loader.ClassLoaders$AppClassLoader@3d4eac69 
Loaded from file:/home/eu/.m2/repository/org/apache/derby/derby/10.9.1.0/derby-10.9.1.0.jar
java.vendor=Ubuntu
java.runtime.version=11.0.17+8-post-Ubuntu-1ubuntu220.04
user.dir=/media/eu/Volume/projects/ECS/entando-plugin-jpredis
derby.system.home=null
Database Class Loader started - derby.database.classpath=''
----------------------------------------------------------------
Thu Dec 01 11:34:33 CET 2022:
Booting Derby version The Apache Software Foundation - Apache Derby - 10.9.1.0 - (1344872): instance b3df0548-0184-cd40-5dc4-00003b6fd290 
on database directory memory:/media/eu/Volume/projects/ECS/entando-plugin-jpredis/testServ  with class loader jdk.internal.loader.ClassLoaders$AppClassLoader@3d4eac69 
Loaded from file:/home/eu/.m2/repository/org/apache/derby/derby/10.9.1.0/derby-10.9.1.0.jar
java.vendor=Ubuntu
java.runtime.version=11.0.17+8-post-Ubuntu-1ubuntu220.04
user.dir=/media/eu/Volume/projects/ECS/entando-plugin-jpredis
derby.system.home=null
Database Class Loader started - derby.database.classpath=''
----------------------------------------------------------------
Thu Dec 01 11:34:34 CET 2022:
Shutting down instance 4e998544-0184-cd40-5dc4-00003b6fd290 on database directory memory:/media/eu/Volume/projects/ECS/entando-plugin-jpredis/testPort with class loader jdk.internal.loader.ClassLoaders$AppClassLoader@3d4eac69 
----------------------------------------------------------------
Thu Dec 01 11:34:34 CET 2022:
Shutting down instance b3df0548-0184-cd40-5dc4-00003b6fd290 on database directory memory:/media/eu/Volume/projects/ECS/entando-plugin-jpredis/testServ with class loader jdk.internal.loader.ClassLoaders$AppClassLoader@3d4eac69 
----------------------------------------------------------------
Thu Dec 01 11:34:34 CET 2022:
Booting Derby version The Apache Software Foundation - Apache Derby - 10.9.1.0 - (1344872): instance 8bd605b1-0184-cd40-5dc4-00003b6fd290 
on database directory memory:/media/eu/Volume/projects/ECS/entando-plugin-jpredis/testPort  with class loader jdk.internal.loader.ClassLoaders$AppClassLoader@3d4eac69 
Loaded from file:/home/eu/.m2/repository/org/apache/derby/derby/10.9.1.0/derby-10.9.1.0.jar
java.vendor=Ubuntu
java.runtime.version=11.0.17+8-post-Ubuntu-1ubuntu220.04
user.dir=/media/eu/Volume/projects/ECS/entando-plugin-jpredis
derby.system.home=null
Database Class Loader started - derby.database.classpath=''
----------------------------------------------------------------
Thu Dec 01 11:34:34 CET 2022:
Booting Derby version The Apache Software Foundation - Apache Derby - 10.9.1.0 - (1344872): instance 518885b5-0184-cd40-5dc4-00003b6fd290 
on database directory memory:/media/eu/Volume/projects/ECS/entando-plugin-jpredis/testServ  with class loader jdk.internal.loader.ClassLoaders$AppClassLoader@3d4eac69 
Loaded from file:/home/eu/.m2/repository/org/apache/derby/derby/10.9.1.0/derby-10.9.1.0.jar
java.vendor=Ubuntu
java.runtime.version=11.0.17+8-post-Ubuntu-1ubuntu220.04
user.dir=/media/eu/Volume/projects/ECS/entando-plugin-jpredis
derby.system.home=null
Database Class Loader started - derby.database.classpath=''
